#
# A fatal error has been detected by the Java Runtime Environment:
#
#  SIGSEGV (0xb) at pc=0x000000010b0c60b0, pid=65936, tid=0x0000000000005403
#
# JRE version: Java(TM) SE Runtime Environment (8.0_181-b13) (build 1.8.0_181-b13)
# Java VM: Java HotSpot(TM) 64-Bit Server VM (25.181-b13 mixed mode bsd-amd64 compressed oops)
# Problematic frame:
# V  [libjvm.dylib+0x28a0b0]
#
# Failed to write core dump. Core dumps have been disabled. To enable core dumping, try "ulimit -c unlimited" before starting Java again
#
# If you would like to submit a bug report, please visit:
#   http://bugreport.java.com/bugreport/crash.jsp
#

---------------  T H R E A D  ---------------

Current thread (0x00007fd10501a000):  VMThread [stack: 0x0000700003f4b000,0x000070000404b000] [id=21507]

siginfo: si_signo: 11 (SIGSEGV), si_code: 0 (unknown), si_addr: 0x0000000000000000

Registers:
RAX=0x00007fd106006f10, RBX=0x000070000404a798, RCX=0xffffffffffffcb0d, RDX=0x0000000000000000
RSP=0x000070000404a5a0, RBP=0x000070000404a5b0, RSI=0x00000000ffffcb0d, RDI=0x000070000404a798
R8 =0x1ffffffffffff960, R9 =0x0000000000000400, R10=0x0000000000002000, R11=0x0000000000000246
R12=0x00000000000000a7, R13=0x000000000000005c, R14=0x000000000000005c, R15=0x000070000404a620
RIP=0x000000010b0c60b0, EFLAGS=0x0000000000010a06, ERR=0x0000000000000000
  TRAPNO=0x000000000000000d

Top of Stack: (sp=0x000070000404a5a0)
0x000070000404a5a0:   000070000404a798 000070000404a798
0x000070000404a5b0:   000070000404a610 000000010b0c6463
0x000070000404a5c0:   000070000404a5e0 0000000000000000
0x000070000404a5d0:   000000010b0c6092 000070000404a620
0x000070000404a5e0:   000070000404a610 000070000404a798
0x000070000404a5f0:   00000000000000a7 000000000000005c
0x000070000404a600:   00000001105fe701 000070000404a620
0x000070000404a610:   000070000404a6a0 000000010b0c7183
0x000070000404a620:   000070000404a7b0 00000001105fe7e0
0x000070000404a630:   00007fd10501a000 0000005f0000005c
0x000070000404a640:   000000a700000060 000000a7105f0000
0x000070000404a650:   0000000000000000 0000006000000000
0x000070000404a660:   00000001105fe7e0 00007fd10501a000
0x000070000404a670:   00000001105fe7e0 00007fd10501a000
0x000070000404a680:   00000001105fe7e0 00000001105fe7e0
0x000070000404a690:   000070000404a798 00000001105fe7e0
0x000070000404a6a0:   000070000404a730 000000010b0c73db
0x000070000404a6b0:   0000700004040000 0000000000000000
0x000070000404a6c0:   0000000000000000 0000000000000000
0x000070000404a6d0:   0000000000000001 0000000000000100
0x000070000404a6e0:   0000000000000000 000000010b457980
0x000070000404a6f0:   0000000000000000 0000000000000000
0x000070000404a700:   00000001105fe7e0 00007fd10501a000
0x000070000404a710:   00000001105fe7e0 000070000404a798
0x000070000404a720:   00007fd10501a000 0000600003a27640
0x000070000404a730:   000070000404a780 000000010b2c1331
0x000070000404a740:   0000600002125da0 00007fd106006e60
0x000070000404a750:   00007fd106006e70 00007fd106007248
0x000070000404a760:   00000000000003d8 0000000000000059
0x000070000404a770:   000070000404a928 0000600003a27640
0x000070000404a780:   000070000404a910 000000010b2c153a
0x000070000404a790:   0000000100000000 000000010b719100 

Instructions: (pc=0x000000010b0c60b0)
0x000000010b0c6090:   c3 90 55 48 89 e5 53 48 83 ec 08 48 8b 87 90 00
0x000000010b0c60a0:   00 00 48 63 ce 49 89 c8 49 83 e0 c0 49 c1 e8 03
0x000000010b0c60b0:   4a 8b 04 00 48 0f a3 f0 72 17 48 89 fb 48 8d 7b
0x000000010b0c60c0:   70 ba 01 00 00 00 48 89 ce e8 60 c8 e4 ff ff 43 

Register to memory mapping:

RAX=0x00007fd106006f10 is an unknown value
RBX=0x000070000404a798 is an unknown value
RCX=0xffffffffffffcb0d is an unknown value
RDX=0x0000000000000000 is an unknown value
RSP=0x000070000404a5a0 is an unknown value
RBP=0x000070000404a5b0 is an unknown value
RSI=0x00000000ffffcb0d is an unknown value
RDI=0x000070000404a798 is an unknown value
R8 =0x1ffffffffffff960 is an unknown value
R9 =0x0000000000000400 is an unknown value
R10=0x0000000000002000 is an unknown value
R11=0x0000000000000246 is an unknown value
R12=0x00000000000000a7 is an unknown value
R13=0x000000000000005c is an unknown value
R14=0x000000000000005c is an unknown value
R15=0x000070000404a620 is an unknown value


Stack: [0x0000700003f4b000,0x000070000404b000],  sp=0x000070000404a5a0,  free space=1021k
Native frames: (J=compiled Java code, j=interpreted, Vv=VM code, C=native code)
V  [libjvm.dylib+0x28a0b0]
V  [libjvm.dylib+0x28a463]
V  [libjvm.dylib+0x28b183]
V  [libjvm.dylib+0x28b3db]
V  [libjvm.dylib+0x485331]
V  [libjvm.dylib+0x48553a]
V  [libjvm.dylib+0x48571b]
V  [libjvm.dylib+0x4859d2]
V  [libjvm.dylib+0x2c2b04]
V  [libjvm.dylib+0x45306d]
V  [libjvm.dylib+0x39afbf]
V  [libjvm.dylib+0x5bd499]
V  [libjvm.dylib+0x5bba31]
V  [libjvm.dylib+0x5bbe7e]
V  [libjvm.dylib+0x5bb79d]
V  [libjvm.dylib+0x48e342]
C  [libsystem_pthread.dylib+0x64e1]  _pthread_start+0x7d
C  [libsystem_pthread.dylib+0x1f6b]  thread_start+0xf

VM_Operation (0x000070000455c9f8): GetOrSetLocal, mode: safepoint, requested by thread 0x00007fd105830000


---------------  P R O C E S S  ---------------

Java Threads: ( => current thread )
  0x00007fd1070ae800 JavaThread "Service Thread" daemon [_thread_blocked, id=16643, stack(0x0000700004a6f000,0x0000700004b6f000)]
  0x00007fd106848000 JavaThread "C1 CompilerThread2" daemon [_thread_blocked, id=16899, stack(0x000070000496c000,0x0000700004a6c000)]
  0x00007fd106847000 JavaThread "C2 CompilerThread1" daemon [_thread_blocked, id=17411, stack(0x0000700004869000,0x0000700004969000)]
  0x00007fd10683e000 JavaThread "C2 CompilerThread0" daemon [_thread_blocked, id=17923, stack(0x0000700004766000,0x0000700004866000)]
  0x00007fd105831800 JavaThread "JDWP Command Reader" daemon [_thread_in_native, id=18435, stack(0x0000700004663000,0x0000700004763000)]
  0x00007fd105831000 JavaThread "JDWP Event Helper Thread" daemon [_thread_blocked, id=13571, stack(0x0000700004560000,0x0000700004660000)]
  0x00007fd105830000 JavaThread "JDWP Transport Listener: dt_socket" daemon [_thread_blocked, id=13319, stack(0x000070000445d000,0x000070000455d000)]
  0x00007fd10582c800 JavaThread "Signal Dispatcher" daemon [_thread_blocked, id=19203, stack(0x000070000435a000,0x000070000445a000)]
  0x00007fd105815000 JavaThread "Finalizer" daemon [_thread_blocked, id=20739, stack(0x0000700004151000,0x0000700004251000)]
  0x00007fd105814000 JavaThread "Reference Handler" daemon [_thread_blocked, id=21251, stack(0x000070000404e000,0x000070000414e000)]
  0x00007fd10500f000 JavaThread "main" [_thread_blocked, id=3587, stack(0x0000700003a3c000,0x0000700003b3c000)]

Other Threads:
=>0x00007fd10501a000 VMThread [stack: 0x0000700003f4b000,0x000070000404b000] [id=21507]
  0x00007fd10501f000 WatcherThread [stack: 0x0000700004b72000,0x0000700004c72000] [id=14339]

VM state:at safepoint (normal execution)

VM Mutex/Monitor currently owned by a thread:  ([mutex/lock_event])
[0x0000600000121200] Threads_lock - owner thread: 0x00007fd10501a000

Heap:
 PSYoungGen      total 38400K, used 2662K [0x0000000795580000, 0x0000000798000000, 0x00000007c0000000)
  eden space 33280K, 8% used [0x0000000795580000,0x0000000795819ad8,0x0000000797600000)
  from space 5120K, 0% used [0x0000000797b00000,0x0000000797b00000,0x0000000798000000)
  to   space 5120K, 0% used [0x0000000797600000,0x0000000797600000,0x0000000797b00000)
 ParOldGen       total 87552K, used 0K [0x0000000740000000, 0x0000000745580000, 0x0000000795580000)
  object space 87552K, 0% used [0x0000000740000000,0x0000000740000000,0x0000000745580000)
 Metaspace       used 3160K, capacity 4600K, committed 4864K, reserved 1056768K
  class space    used 339K, capacity 424K, committed 512K, reserved 1048576K

Card table byte_map: [0x000000010a3db000,0x000000010a7dc000] byte_map_base: 0x00000001069db000

Marking Bits: (ParMarkBitMap*) 0x000000010b735cd0
 Begin Bits: [0x000000010bdf0000, 0x000000010ddf0000)
 End Bits:   [0x000000010ddf0000, 0x000000010fdf0000)

Polling page: 0x0000000109ebe000

CodeCache: size=245760Kb used=1112Kb max_used=1112Kb free=244647Kb
 bounds [0x000000011656b000, 0x00000001167db000, 0x000000012556b000]
 total_blobs=262 nmethods=27 adapters=157
 compilation: enabled

Compilation events (10 events):
Event: 0.327 Thread 0x00007fd106848000   22       3       java.lang.String::startsWith (7 bytes)
Event: 0.328 Thread 0x00007fd106848000 nmethod 22 0x000000011667ecd0 code [0x000000011667ee40, 0x000000011667f068]
Event: 0.328 Thread 0x00007fd106848000   25       3       java.io.UnixFileSystem::normalize (75 bytes)
Event: 0.328 Thread 0x00007fd106848000 nmethod 25 0x000000011667f110 code [0x000000011667f2e0, 0x000000011667f988]
Event: 0.328 Thread 0x00007fd106848000   27       3       java.util.HashMap::getNode (148 bytes)
Event: 0.329 Thread 0x00007fd106848000 nmethod 27 0x000000011667fcd0 code [0x000000011667fea0, 0x0000000116680868]
Event: 0.329 Thread 0x00007fd106848000   23       3       java.lang.StringBuilder::append (8 bytes)
Event: 0.329 Thread 0x00007fd106848000 nmethod 23 0x0000000116680b90 code [0x0000000116680d00, 0x0000000116680ea8]
Event: 0.329 Thread 0x00007fd106848000   26       3       java.lang.ThreadLocal::get (38 bytes)
Event: 0.330 Thread 0x00007fd106848000 nmethod 26 0x0000000116680f50 code [0x00000001166810e0, 0x0000000116681458]

GC Heap History (0 events):
No events

Deoptimization events (0 events):
No events

Classes redefined (3 events):
Event: 58.320 Thread 0x00007fd10501a000 redefined class name=ForLoop, count=1
Event: 137.095 Thread 0x00007fd10501a000 redefined class name=ForLoop, count=2
Event: 205.852 Thread 0x00007fd10501a000 redefined class name=ForLoop, count=3

Internal exceptions (2 events):
Event: 0.059 Thread 0x00007fd10500f000 Exception <a 'java/lang/NoSuchMethodError': Method sun.misc.Unsafe.defineClass(Ljava/lang/String;[BII)Ljava/lang/Class; name or signature does not match> (0x0000000795587cb0) thrown at [/Users/java_re/workspace/8-2-build-macosx-x86_64/jdk8u181/11358/hotsp
Event: 0.059 Thread 0x00007fd10500f000 Exception <a 'java/lang/NoSuchMethodError': Method sun.misc.Unsafe.prefetchRead(Ljava/lang/Object;J)V name or signature does not match> (0x0000000795587f98) thrown at [/Users/java_re/workspace/8-2-build-macosx-x86_64/jdk8u181/11358/hotspot/src/share/vm/pr

Events (10 events):
Event: 205.964 Executing VM operation: ChangeBreakpoints done
Event: 205.966 Executing VM operation: ChangeBreakpoints
Event: 205.966 Executing VM operation: ChangeBreakpoints done
Event: 205.967 Executing VM operation: ChangeBreakpoints
Event: 205.967 Executing VM operation: ChangeBreakpoints done
Event: 206.041 Executing VM operation: ChangeBreakpoints
Event: 206.042 Executing VM operation: ChangeBreakpoints done
Event: 206.048 Executing VM operation: ChangeBreakpoints
Event: 206.048 Executing VM operation: ChangeBreakpoints done
Event: 206.083 Executing VM operation: GetOrSetLocal


Dynamic libraries:
0x00007ff833ca7000 	/System/Library/Frameworks/Cocoa.framework/Versions/A/Cocoa
0x00007ff81f924000 	/System/Library/Frameworks/AppKit.framework/Versions/C/AppKit
0x00007ff822e2f000 	/System/Library/Frameworks/CoreData.framework/Versions/A/CoreData
0x00007ff81dd30000 	/System/Library/Frameworks/Foundation.framework/Versions/C/Foundation
0x00007ff827c50000 	/usr/lib/libSystem.B.dylib
0x00007ff8207b2000 	/System/Library/PrivateFrameworks/UIFoundation.framework/Versions/A/UIFoundation
0x00007ff82dbb1000 	/System/Library/PrivateFrameworks/RemoteViewServices.framework/Versions/A/RemoteViewServices
0x00007ff825e9b000 	/System/Library/PrivateFrameworks/XCTTargetBootstrap.framework/Versions/A/XCTTargetBootstrap
0x00007ff829a57000 	/System/Library/PrivateFrameworks/InternationalSupport.framework/Versions/A/InternationalSupport
0x00007ff829ae1000 	/System/Library/PrivateFrameworks/UserActivity.framework/Versions/A/UserActivity
0x00007ff828e37000 	/usr/lib/libspindump.dylib
0x00007ff820a40000 	/System/Library/Frameworks/UniformTypeIdentifiers.framework/Versions/A/UniformTypeIdentifiers
0x00007ff8245c4000 	/usr/lib/libapp_launch_measurement.dylib
0x00007ff8237ff000 	/System/Library/PrivateFrameworks/CoreAnalytics.framework/Versions/A/CoreAnalytics
0x00007ff8245c7000 	/System/Library/PrivateFrameworks/CoreAutoLayout.framework/Versions/A/CoreAutoLayout
0x00007ff8257f5000 	/System/Library/Frameworks/Metal.framework/Versions/A/Metal
0x00007ff826521000 	/usr/lib/liblangid.dylib
0x00007ff825ea0000 	/System/Library/PrivateFrameworks/CoreSVG.framework/Versions/A/CoreSVG
0x00007ff821e27000 	/System/Library/PrivateFrameworks/SkyLight.framework/Versions/A/SkyLight
0x00007ff8221c5000 	/System/Library/Frameworks/CoreGraphics.framework/Versions/A/CoreGraphics
0x00007ff82e271000 	/System/Library/Frameworks/Accelerate.framework/Versions/A/Accelerate
0x00007ff8288b6000 	/System/Library/PrivateFrameworks/IconServices.framework/Versions/A/IconServices
0x00007ff8257da000 	/System/Library/Frameworks/IOSurface.framework/Versions/A/IOSurface
0x00007ff82382d000 	/usr/lib/libDiagnosticMessagesClient.dylib
0x00007ff827b70000 	/usr/lib/libz.1.dylib
0x00007ff831954000 	/System/Library/Frameworks/ApplicationServices.framework/Versions/A/ApplicationServices
0x00007ff825e87000 	/System/Library/PrivateFrameworks/DFRFoundation.framework/Versions/A/DFRFoundation
0x00007ff81f20c000 	/usr/lib/libicucore.A.dylib
0x00007ff82a84c000 	/System/Library/Frameworks/AudioToolbox.framework/Versions/A/AudioToolbox
0x00007ff829a63000 	/System/Library/PrivateFrameworks/DataDetectorsCore.framework/Versions/A/DataDetectorsCore
0x00007ff9259f0000 	/System/Library/PrivateFrameworks/TextInput.framework/Versions/A/TextInput
0x00007ff821daa000 	/usr/lib/libMobileGestalt.dylib
0x00007ff825b93000 	/System/Library/Frameworks/Carbon.framework/Versions/A/Frameworks/HIToolbox.framework/Versions/A/HIToolbox
0x00007ff823fca000 	/System/Library/Frameworks/QuartzCore.framework/Versions/A/QuartzCore
0x00007ff81eeb3000 	/System/Library/Frameworks/Security.framework/Versions/A/Security
0x00007ff82dbe9000 	/System/Library/Frameworks/Carbon.framework/Versions/A/Frameworks/SpeechRecognition.framework/Versions/A/SpeechRecognition
0x00007ff824324000 	/System/Library/PrivateFrameworks/CoreUI.framework/Versions/A/CoreUI
0x00007ff81e77f000 	/System/Library/Frameworks/CoreAudio.framework/Versions/A/CoreAudio
0x00007ff82391c000 	/System/Library/Frameworks/DiskArbitration.framework/Versions/A/DiskArbitration
0x00007ff829225000 	/System/Library/PrivateFrameworks/MultitouchSupport.framework/Versions/A/MultitouchSupport
0x00007ff821da9000 	/usr/lib/libenergytrace.dylib
0x00007ff81f810000 	/System/Library/Frameworks/IOKit.framework/Versions/A/IOKit
0x00007ff82dfd9000 	/System/Library/Frameworks/CoreServices.framework/Versions/A/CoreServices
0x00007ff82455e000 	/System/Library/PrivateFrameworks/PerformanceAnalysis.framework/Versions/A/PerformanceAnalysis
0x00007ffa34f14000 	/System/Library/Frameworks/OpenGL.framework/Versions/A/OpenGL
0x00007ff82718a000 	/System/Library/PrivateFrameworks/MobileKeyBag.framework/Versions/A/MobileKeyBag
0x00007ff81cd00000 	/usr/lib/libobjc.A.dylib
0x00007ff822890000 	/System/Library/Frameworks/ColorSync.framework/Versions/A/ColorSync
0x00007ff81cebe000 	/System/Library/Frameworks/CoreFoundation.framework/Versions/A/CoreFoundation
0x00007ff826117000 	/System/Library/Frameworks/CoreImage.framework/Versions/A/CoreImage
0x00007ff81e597000 	/System/Library/Frameworks/CoreText.framework/Versions/A/CoreText
0x00007ff825ed0000 	/System/Library/Frameworks/ImageIO.framework/Versions/A/ImageIO
0x00007ff827c56000 	/System/Library/PrivateFrameworks/SoftLinking.framework/Versions/A/SoftLinking
0x00007ff82460f000 	/usr/lib/libxml2.2.dylib
0x00007ff81cdca000 	/usr/lib/libc++.1.dylib
0x00007ff827eda000 	/usr/lib/libcompression.dylib
0x00007ff82998a000 	/System/Library/PrivateFrameworks/TextureIO.framework/Versions/A/TextureIO
0x00007ff8285c8000 	/usr/lib/libate.dylib
0x00007ff827c4b000 	/usr/lib/system/libcache.dylib
0x00007ff827c07000 	/usr/lib/system/libcommonCrypto.dylib
0x00007ff827c30000 	/usr/lib/system/libcompiler_rt.dylib
0x00007ff827c26000 	/usr/lib/system/libcopyfile.dylib
0x00007ff81cbfb000 	/usr/lib/system/libcorecrypto.dylib
0x00007ff81ccb9000 	/usr/lib/system/libdispatch.dylib
0x00007ff81ce7d000 	/usr/lib/system/libdyld.dylib
0x00007ff827c42000 	/usr/lib/system/libkeymgr.dylib
0x00007ff827be5000 	/usr/lib/system/libmacho.dylib
0x00007ff827264000 	/usr/lib/system/libquarantine.dylib
0x00007ff827c40000 	/usr/lib/system/libremovefile.dylib
0x00007ff821df7000 	/usr/lib/system/libsystem_asl.dylib
0x00007ff81cba4000 	/usr/lib/system/libsystem_blocks.dylib
0x00007ff81cd41000 	/usr/lib/system/libsystem_c.dylib
0x00007ff827c38000 	/usr/lib/system/libsystem_collections.dylib
0x00007ff826511000 	/usr/lib/system/libsystem_configuration.dylib
0x00007ff8257bd000 	/usr/lib/system/libsystem_containermanager.dylib
0x00007ff82791e000 	/usr/lib/system/libsystem_coreservices.dylib
0x00007ff81f4a0000 	/usr/lib/system/libsystem_darwin.dylib
0x00007ff827c43000 	/usr/lib/system/libsystem_dnssd.dylib
0x00007ff81cd3e000 	/usr/lib/system/libsystem_featureflags.dylib
0x00007ff81ce93000 	/usr/lib/system/libsystem_info.dylib
0x00007ff827b83000 	/usr/lib/system/libsystem_m.dylib
0x00007ff81cc8d000 	/usr/lib/system/libsystem_malloc.dylib
0x00007ff821d92000 	/usr/lib/system/libsystem_networkextension.dylib
0x00007ff81f8c6000 	/usr/lib/system/libsystem_notify.dylib
0x00007ff82deae000 	/usr/lib/system/libsystem_product_info_filter.dylib
0x00007ff826515000 	/usr/lib/system/libsystem_sandbox.dylib
0x00007ff827c3d000 	/usr/lib/system/libsystem_secinit.dylib
0x00007ff81ce39000 	/usr/lib/system/libsystem_kernel.dylib
0x00007ff81ce89000 	/usr/lib/system/libsystem_platform.dylib
0x00007ff81ce71000 	/usr/lib/system/libsystem_pthread.dylib
0x00007ff82363f000 	/usr/lib/system/libsystem_symptoms.dylib
0x00007ff81cbe2000 	/usr/lib/system/libsystem_trace.dylib
0x00007ff827c13000 	/usr/lib/system/libunwind.dylib
0x00007ff81cba6000 	/usr/lib/system/libxpc.dylib
0x00007ff81ce23000 	/usr/lib/libc++abi.dylib
0x00007ff827c1e000 	/usr/lib/liboah.dylib
0x00007ff8283a4000 	/usr/lib/liblzma.5.dylib
0x00007ff81da43000 	/System/Library/Frameworks/SystemConfiguration.framework/Versions/A/SystemConfiguration
0x00007ff827c52000 	/usr/lib/libfakelink.dylib
0x00007ff821903000 	/System/Library/Frameworks/CFNetwork.framework/Versions/A/CFNetwork
0x00007ff827d93000 	/usr/lib/libarchive.2.dylib
0x00007ff82651d000 	/System/Library/PrivateFrameworks/AppleSystemInfo.framework/Versions/A/AppleSystemInfo
0x00007ff82728b000 	/usr/lib/libbsm.0.dylib
0x00007ff820f16000 	/usr/lib/libnetwork.dylib
0x00007ff827beb000 	/usr/lib/system/libkxld.dylib
0x00007ff826eb7000 	/System/Library/PrivateFrameworks/IOMobileFramebuffer.framework/Versions/A/IOMobileFramebuffer
0x00007ffb3441b000 	/usr/lib/libCoreEntitlements.dylib
0x00007ff827900000 	/System/Library/PrivateFrameworks/AppleFSCompression.framework/Versions/A/AppleFSCompression
0x00007ff827273000 	/usr/lib/libcoretls.dylib
0x00007ff8283be000 	/usr/lib/libcoretls_cfhelpers.dylib
0x00007ff827ed5000 	/usr/lib/libpam.2.dylib
0x00007ff82325f000 	/usr/lib/libsqlite3.dylib
0x00007ff82842d000 	/usr/lib/libxar.1.dylib
0x00007ff827910000 	/usr/lib/libbz2.1.0.dylib
0x00007ff827c57000 	/usr/lib/libpcap.A.dylib
0x00007ff823637000 	/usr/lib/libdns_services.dylib
0x00007ff827ea5000 	/usr/lib/libapple_nghttp2.dylib
0x00007ff827c91000 	/usr/lib/libiconv.2.dylib
0x00007ff827be4000 	/usr/lib/libcharset.1.dylib
0x00007ff824592000 	/System/Library/Frameworks/CoreServices.framework/Versions/A/Frameworks/FSEvents.framework/Versions/A/FSEvents
0x00007ff81f4aa000 	/System/Library/Frameworks/CoreServices.framework/Versions/A/Frameworks/CarbonCore.framework/Versions/A/CarbonCore
0x00007ff823880000 	/System/Library/Frameworks/CoreServices.framework/Versions/A/Frameworks/Metadata.framework/Versions/A/Metadata
0x00007ff827923000 	/System/Library/Frameworks/CoreServices.framework/Versions/A/Frameworks/OSServices.framework/Versions/A/OSServices
0x00007ff827e1a000 	/System/Library/Frameworks/CoreServices.framework/Versions/A/Frameworks/SearchKit.framework/Versions/A/SearchKit
0x00007ff8235ca000 	/System/Library/Frameworks/CoreServices.framework/Versions/A/Frameworks/AE.framework/Versions/A/AE
0x00007ff81d3c0000 	/System/Library/Frameworks/CoreServices.framework/Versions/A/Frameworks/LaunchServices.framework/Versions/A/LaunchServices
0x00007ff828355000 	/System/Library/Frameworks/CoreServices.framework/Versions/A/Frameworks/DictionaryServices.framework/Versions/A/DictionaryServices
0x00007ff82459f000 	/System/Library/Frameworks/CoreServices.framework/Versions/A/Frameworks/SharedFileList.framework/Versions/A/SharedFileList
0x00007ff827267000 	/usr/lib/libCheckFix.dylib
0x00007ff821e0e000 	/System/Library/PrivateFrameworks/TCC.framework/Versions/A/TCC
0x00007ff826523000 	/System/Library/PrivateFrameworks/CoreNLP.framework/Versions/A/CoreNLP
0x00007ff823830000 	/System/Library/PrivateFrameworks/MetadataUtilities.framework/Versions/A/MetadataUtilities
0x00007ff81daf3000 	/usr/lib/libmecabra.dylib
0x00007ff82729b000 	/usr/lib/libmecab.dylib
0x00007ff81dabe000 	/usr/lib/libCRFSuite.dylib
0x00007ff8272f5000 	/usr/lib/libgermantok.dylib
0x00007ff827e80000 	/usr/lib/libThaiTokenizer.dylib
0x00007ff823923000 	/System/Library/Frameworks/Accelerate.framework/Versions/A/Frameworks/vImage.framework/Versions/A/vImage
0x00007ff82dfb0000 	/System/Library/Frameworks/Accelerate.framework/Versions/A/Frameworks/vecLib.framework/Versions/A/vecLib
0x00007ff82846e000 	/System/Library/Frameworks/Accelerate.framework/Versions/A/Frameworks/vecLib.framework/Versions/A/libvMisc.dylib
0x00007ff826ce2000 	/System/Library/Frameworks/Accelerate.framework/Versions/A/Frameworks/vecLib.framework/Versions/A/libvDSP.dylib
0x00007ff81d73a000 	/System/Library/Frameworks/Accelerate.framework/Versions/A/Frameworks/vecLib.framework/Versions/A/libBLAS.dylib
0x00007ff827fb7000 	/System/Library/Frameworks/Accelerate.framework/Versions/A/Frameworks/vecLib.framework/Versions/A/libLAPACK.dylib
0x00007ff8272f8000 	/System/Library/Frameworks/Accelerate.framework/Versions/A/Frameworks/vecLib.framework/Versions/A/libLinearAlgebra.dylib
0x00007ff827ebd000 	/System/Library/Frameworks/Accelerate.framework/Versions/A/Frameworks/vecLib.framework/Versions/A/libSparseBLAS.dylib
0x00007ff827fb1000 	/System/Library/Frameworks/Accelerate.framework/Versions/A/Frameworks/vecLib.framework/Versions/A/libQuadrature.dylib
0x00007ff82660e000 	/System/Library/Frameworks/Accelerate.framework/Versions/A/Frameworks/vecLib.framework/Versions/A/libBNNS.dylib
0x00007ff81d9d4000 	/System/Library/Frameworks/Accelerate.framework/Versions/A/Frameworks/vecLib.framework/Versions/A/libSparse.dylib
0x00007ff826607000 	/System/Library/PrivateFrameworks/LinguisticData.framework/Versions/A/LinguisticData
0x00007ff81d98a000 	/System/Library/PrivateFrameworks/Lexicon.framework/Versions/A/Lexicon
0x00007ff828467000 	/usr/lib/libChineseTokenizer.dylib
0x00007ff81e0ec000 	/System/Library/PrivateFrameworks/LanguageModeling.framework/Versions/A/LanguageModeling
0x00007ff827e82000 	/System/Library/PrivateFrameworks/AppleSauce.framework/Versions/A/AppleSauce
0x00007ff826ea5000 	/System/Library/PrivateFrameworks/CoreEmoji.framework/Versions/A/CoreEmoji
0x00007ff827d82000 	/usr/lib/libcmph.dylib
0x00007ff824576000 	/System/Library/Frameworks/OpenDirectory.framework/Versions/A/Frameworks/CFOpenDirectory.framework/Versions/A/CFOpenDirectory
0x00007ff82456a000 	/System/Library/Frameworks/OpenDirectory.framework/Versions/A/OpenDirectory
0x00007ff8283c0000 	/System/Library/PrivateFrameworks/APFS.framework/Versions/A/APFS
0x00007ff8271c2000 	/System/Library/Frameworks/SecurityFoundation.framework/Versions/A/SecurityFoundation
0x00007ff82843b000 	/usr/lib/libutil.dylib
0x00007ff81f7d4000 	/System/Library/PrivateFrameworks/CoreServicesStore.framework/Versions/A/CoreServicesStore
0x00007ff82843f000 	/usr/lib/libxslt.1.dylib
0x00007ff82724f000 	/System/Library/PrivateFrameworks/BackgroundTaskManagement.framework/Versions/A/BackgroundTaskManagement
0x00007ff8298aa000 	/System/Library/Frameworks/ImageIO.framework/Versions/A/Resources/libRadiance.dylib
0x00007ff8298b3000 	/System/Library/Frameworks/ImageIO.framework/Versions/A/Resources/libJPEG.dylib
0x00007ff829804000 	/System/Library/Frameworks/ImageIO.framework/Versions/A/Resources/libPng.dylib
0x00007ff829825000 	/System/Library/Frameworks/ImageIO.framework/Versions/A/Resources/libTIFF.dylib
0x00007ff829913000 	/System/Library/Frameworks/ImageIO.framework/Versions/A/Resources/libGIF.dylib
0x00007ff82913f000 	/System/Library/Frameworks/ImageIO.framework/Versions/A/Resources/libJP2.dylib
0x00007ff82887d000 	/usr/lib/libexpat.1.dylib
0x00007ff8290f4000 	/System/Library/PrivateFrameworks/AppleJPEG.framework/Versions/A/AppleJPEG
0x00007ff825a57000 	/System/Library/PrivateFrameworks/FontServices.framework/libFontParser.dylib
0x00007ff823574000 	/System/Library/PrivateFrameworks/RunningBoardServices.framework/Versions/A/RunningBoardServices
0x00007ff83425f000 	/System/Library/PrivateFrameworks/IOSurfaceAccelerator.framework/Versions/A/IOSurfaceAccelerator
0x00007ff829221000 	/System/Library/PrivateFrameworks/WatchdogClient.framework/Versions/A/WatchdogClient
0x00007ff81e1da000 	/System/Library/Frameworks/CoreDisplay.framework/Versions/A/CoreDisplay
0x00007ff825955000 	/System/Library/Frameworks/CoreMedia.framework/Versions/A/CoreMedia
0x00007ff8257ec000 	/System/Library/PrivateFrameworks/IOAccelerator.framework/Versions/A/IOAccelerator
0x00007ff8246f3000 	/System/Library/Frameworks/CoreVideo.framework/Versions/A/CoreVideo
0x00007ff827ed3000 	/System/Library/Frameworks/MetalPerformanceShaders.framework/Versions/A/MetalPerformanceShaders
0x00007ff82925e000 	/System/Library/Frameworks/VideoToolbox.framework/Versions/A/VideoToolbox
0x00007ff8234be000 	/System/Library/PrivateFrameworks/BaseBoard.framework/Versions/A/BaseBoard
0x00007ff823245000 	/System/Library/PrivateFrameworks/ProtocolBuffer.framework/Versions/A/ProtocolBuffer
0x00007ff8298a3000 	/System/Library/PrivateFrameworks/GPUWrangler.framework/Versions/A/GPUWrangler
0x00007ff829887000 	/System/Library/PrivateFrameworks/IOPresentment.framework/Versions/A/IOPresentment
0x00007ff8298ad000 	/System/Library/PrivateFrameworks/DSExternalDisplay.framework/Versions/A/DSExternalDisplay
0x00007ffa34f08000 	/System/Library/Frameworks/OpenGL.framework/Versions/A/Libraries/libCoreFSCache.dylib
0x00007ffb21bc4000 	/System/Library/PrivateFrameworks/GPUCompiler.framework/Versions/31001/Libraries/libGPUCompilerUtils.dylib
0x00007ff829918000 	/System/Library/PrivateFrameworks/CMCaptureCore.framework/Versions/A/CMCaptureCore
0x00007ff828e25000 	/System/Library/PrivateFrameworks/AppServerSupport.framework/Versions/A/AppServerSupport
0x00007ff82b0e4000 	/System/Library/PrivateFrameworks/perfdata.framework/Versions/A/perfdata
0x00007ff81e306000 	/System/Library/PrivateFrameworks/AudioToolboxCore.framework/Versions/A/AudioToolboxCore
0x00007ff825933000 	/System/Library/PrivateFrameworks/caulk.framework/Versions/A/caulk
0x00007ff82a9f6000 	/usr/lib/libAudioStatistics.dylib
0x00007ff92219e000 	/System/Library/PrivateFrameworks/SystemPolicy.framework/Versions/A/SystemPolicy
0x00007ff82ac51000 	/usr/lib/libSMC.dylib
0x00007ff833b5a000 	/System/Library/Frameworks/CoreMIDI.framework/Versions/A/CoreMIDI
0x00007ff8297d3000 	/usr/lib/libAudioToolboxUtility.dylib
0x00007ff91e441000 	/System/Library/PrivateFrameworks/OSAServicesClient.framework/Versions/A/OSAServicesClient
0x00007ff82b0f1000 	/usr/lib/libperfcheck.dylib
0x00007ff922c48000 	/usr/lib/libmis.dylib
0x00007ffa34f63000 	/System/Library/Frameworks/OpenGL.framework/Versions/A/Libraries/libGLU.dylib
0x00007ffa34f27000 	/System/Library/Frameworks/OpenGL.framework/Versions/A/Libraries/libGFXShared.dylib
0x00007ffa35130000 	/System/Library/Frameworks/OpenGL.framework/Versions/A/Libraries/libGL.dylib
0x00007ffa34f30000 	/System/Library/Frameworks/OpenGL.framework/Versions/A/Libraries/libGLImage.dylib
0x00007ffa34f24000 	/System/Library/Frameworks/OpenGL.framework/Versions/A/Libraries/libCVMSPluginSupport.dylib
0x00007ffa34f0f000 	/System/Library/Frameworks/OpenGL.framework/Versions/A/Libraries/libCoreVMClient.dylib
0x00007ff82649f000 	/System/Library/Frameworks/MetalPerformanceShaders.framework/Versions/A/Frameworks/MPSCore.framework/Versions/A/MPSCore
0x00007ff82786b000 	/System/Library/Frameworks/MetalPerformanceShaders.framework/Versions/A/Frameworks/MPSImage.framework/Versions/A/MPSImage
0x00007ff82730e000 	/System/Library/Frameworks/MetalPerformanceShaders.framework/Versions/A/Frameworks/MPSNeuralNetwork.framework/Versions/A/MPSNeuralNetwork
0x00007ff827782000 	/System/Library/Frameworks/MetalPerformanceShaders.framework/Versions/A/Frameworks/MPSMatrix.framework/Versions/A/MPSMatrix
0x00007ff82753d000 	/System/Library/Frameworks/MetalPerformanceShaders.framework/Versions/A/Frameworks/MPSRayIntersector.framework/Versions/A/MPSRayIntersector
0x00007ff8277ba000 	/System/Library/Frameworks/MetalPerformanceShaders.framework/Versions/A/Frameworks/MPSNDArray.framework/Versions/A/MPSNDArray
0x00007ffa39e90000 	/System/Library/Frameworks/MetalPerformanceShaders.framework/Versions/A/Frameworks/MPSFunctions.framework/Versions/A/MPSFunctions
0x00007ff81d617000 	/System/Library/PrivateFrameworks/MetalTools.framework/Versions/A/MetalTools
0x00007ff82651b000 	/System/Library/PrivateFrameworks/AggregateDictionary.framework/Versions/A/AggregateDictionary
0x00007ff82865f000 	/usr/lib/libIOReport.dylib
0x00007ffa3653f000 	/System/Library/Frameworks/OpenCL.framework/Versions/A/OpenCL
0x00007ff8289c3000 	/System/Library/PrivateFrameworks/FaceCore.framework/Versions/A/FaceCore
0x00007ff8289b4000 	/System/Library/PrivateFrameworks/GraphVisualizer.framework/Versions/A/GraphVisualizer
0x00007ffb21acf000 	/System/Library/PrivateFrameworks/FontServices.framework/Versions/A/FontServices
0x00007ff828ddd000 	/System/Library/PrivateFrameworks/OTSVG.framework/Versions/A/OTSVG
0x00007ff8242da000 	/System/Library/Frameworks/ApplicationServices.framework/Versions/A/Frameworks/ATS.framework/Versions/A/Resources/libFontRegistry.dylib
0x00007ff828e2d000 	/System/Library/PrivateFrameworks/FontServices.framework/libhvf.dylib
0x00007ffb21ad0000 	/System/Library/PrivateFrameworks/FontServices.framework/libXTFontStaticRegistryData.dylib
0x00007ff82882d000 	/System/Library/PrivateFrameworks/AppleVA.framework/Versions/A/AppleVA
0x00007ff82aa16000 	/System/Library/Frameworks/ApplicationServices.framework/Versions/A/Frameworks/ATS.framework/Versions/A/ATS
0x00007ff82298c000 	/System/Library/Frameworks/ApplicationServices.framework/Versions/A/Frameworks/HIServices.framework/Versions/A/HIServices
0x00007ff829922000 	/System/Library/Frameworks/ApplicationServices.framework/Versions/A/Frameworks/PrintCore.framework/Versions/A/PrintCore
0x00007ff82ada4000 	/System/Library/Frameworks/ApplicationServices.framework/Versions/A/Frameworks/QD.framework/Versions/A/QD
0x00007ff82ad9c000 	/System/Library/Frameworks/ApplicationServices.framework/Versions/A/Frameworks/ColorSyncLegacy.framework/Versions/A/ColorSyncLegacy
0x00007ff82aa06000 	/System/Library/Frameworks/ApplicationServices.framework/Versions/A/Frameworks/SpeechSynthesis.framework/Versions/A/SpeechSynthesis
0x00007ff8298e3000 	/System/Library/Frameworks/ApplicationServices.framework/Versions/A/Frameworks/ATSUI.framework/Versions/A/ATSUI
0x00007ff82ad31000 	/usr/lib/libcups.2.dylib
0x00007ff82b100000 	/System/Library/Frameworks/Kerberos.framework/Versions/A/Kerberos
0x00007ff82b10f000 	/System/Library/Frameworks/GSS.framework/Versions/A/GSS
0x00007ff82aa82000 	/usr/lib/libresolv.9.dylib
0x00007ff828e3c000 	/System/Library/PrivateFrameworks/Heimdal.framework/Versions/A/Heimdal
0x00007ff831cdc000 	/System/Library/Frameworks/Kerberos.framework/Versions/A/Libraries/libHeimdalProxy.dylib
0x00007ff823647000 	/System/Library/Frameworks/Network.framework/Versions/A/Network
0x00007ff828897000 	/usr/lib/libheimdal-asn1.dylib
0x00007ff82b15a000 	/System/Library/PrivateFrameworks/CommonAuth.framework/Versions/A/CommonAuth
0x00007ff82a988000 	/System/Library/PrivateFrameworks/AudioSession.framework/Versions/A/AudioSession
0x00007ff828927000 	/System/Library/PrivateFrameworks/MediaExperience.framework/Versions/A/MediaExperience
0x00007ff82a81b000 	/System/Library/PrivateFrameworks/AudioSession.framework/libSessionUtility.dylib
0x00007ff82adb0000 	/System/Library/PrivateFrameworks/AudioResourceArbitration.framework/Versions/A/AudioResourceArbitration
0x00007ff82ee23000 	/System/Library/PrivateFrameworks/PowerLog.framework/Versions/A/PowerLog
0x00007ff8288a0000 	/System/Library/PrivateFrameworks/IconFoundation.framework/Versions/A/IconFoundation
0x00007ff82dbd9000 	/System/Library/PrivateFrameworks/SpeechRecognitionCore.framework/Versions/A/SpeechRecognitionCore
0x000000010ae3c000 	/Library/Java/JavaVirtualMachines/jdk1.8.0_181.jdk/Contents/Home/jre/lib/server/libjvm.dylib
0x00007ffb34ec3000 	/usr/lib/libstdc++.6.dylib
0x0000000109ecb000 	/Library/Java/JavaVirtualMachines/jdk1.8.0_181.jdk/Contents/Home/jre/lib/libverify.dylib
0x0000000109f0f000 	/Library/Java/JavaVirtualMachines/jdk1.8.0_181.jdk/Contents/Home/jre/lib/libjava.dylib
0x0000000109f90000 	/Library/Java/JavaVirtualMachines/jdk1.8.0_181.jdk/Contents/Home/jre/lib/libjdwp.dylib
0x0000000109ec3000 	/Library/Java/JavaVirtualMachines/jdk1.8.0_181.jdk/Contents/Home/jre/lib/libnpt.dylib
0x0000000109f45000 	/Library/Java/JavaVirtualMachines/jdk1.8.0_181.jdk/Contents/Home/jre/lib/libinstrument.dylib
0x0000000109eea000 	/Library/Java/JavaVirtualMachines/jdk1.8.0_181.jdk/Contents/Home/jre/lib/libzip.dylib
0x0000000109f06000 	/Library/Java/JavaVirtualMachines/jdk1.8.0_181.jdk/Contents/Home/jre/lib/libdt_socket.dylib

VM Arguments:
jvm_args: -agentlib:jdwp=transport=dt_socket,address=127.0.0.1:57380,suspend=y,server=n -javaagent:/Users/renxing/Library/Caches/IdeaIC2018.2/captureAgent/debugger-agent.jar=file:/private/var/folders/7g/ws5g3nd51wz19tmlg62v63cr0000gn/T/capture.props -Dfile.encoding=UTF-8 
java_command: ForLoop
java_class_path (initial): /Library/Java/JavaVirtualMachines/jdk1.8.0_181.jdk/Contents/Home/jre/lib/charsets.jar:/Library/Java/JavaVirtualMachines/jdk1.8.0_181.jdk/Contents/Home/jre/lib/deploy.jar:/Library/Java/JavaVirtualMachines/jdk1.8.0_181.jdk/Contents/Home/jre/lib/ext/cldrdata.jar:/Library/Java/JavaVirtualMachines/jdk1.8.0_181.jdk/Contents/Home/jre/lib/ext/dnsns.jar:/Library/Java/JavaVirtualMachines/jdk1.8.0_181.jdk/Contents/Home/jre/lib/ext/jaccess.jar:/Library/Java/JavaVirtualMachines/jdk1.8.0_181.jdk/Contents/Home/jre/lib/ext/jfxrt.jar:/Library/Java/JavaVirtualMachines/jdk1.8.0_181.jdk/Contents/Home/jre/lib/ext/localedata.jar:/Library/Java/JavaVirtualMachines/jdk1.8.0_181.jdk/Contents/Home/jre/lib/ext/nashorn.jar:/Library/Java/JavaVirtualMachines/jdk1.8.0_181.jdk/Contents/Home/jre/lib/ext/sunec.jar:/Library/Java/JavaVirtualMachines/jdk1.8.0_181.jdk/Contents/Home/jre/lib/ext/sunjce_provider.jar:/Library/Java/JavaVirtualMachines/jdk1.8.0_181.jdk/Contents/Home/jre/lib/ext/sunpkcs11.jar:/Library/Java/JavaVirtualMachines/jdk1.8.0_181.jdk/Contents/Home/jre/lib/ext/zipfs.jar:/Library/Java/JavaVirtualMachines/jdk1.8.0_181.jdk/Contents/Home/jre/lib/javaws.jar:/Library/Java/JavaVirtualMachines/jdk1.8.0_181.jdk/Contents/Home/jre/lib/jce.jar:/Library/Java/JavaVirtualMachines/jdk1.8.0_181.jdk/Contents/Home/jre/lib/jfr.jar:/Library/Java/JavaVirtualMachines/jdk1.8.0_181.jdk/Contents/Home/jre/lib/jfxswt.jar:/Library/Java/JavaVirtualMachines/jdk1.8.0_181.jdk/Contents/Home/jre/lib/jsse.jar:/Library/Java/JavaVirtualMachines/jdk1.8.0_181.jdk/Contents/Home/jre/lib/management-agent.jar:/Library/Java/JavaVirtualMachines/jdk1.8.0_181.jdk/Contents/Home/jre/lib/plugin.jar:/Library/Java/JavaVirtualMachines/jdk1.8.0_181.jdk/Contents/Home/jre/lib/resources.jar:/Library/Java/JavaVirtualMachines/jdk1.8.0_181.jdk/Contents/Home/jre/lib/rt.jar:/Library/Java/JavaVirtualMachines/jdk1.8.0_181.jdk/Contents/Home/lib/ant-javafx.jar:/Library/Java/JavaVirtualMachines/jdk1.8.0_181.jdk/Contents/Home
Launcher Type: SUN_STANDARD

Environment Variables:
JAVA_HOME=/Library/Java/JavaVirtualMachines/jdk1.8.0_181.jdk/Contents/Home
PATH=/usr/local/bin:/usr/bin:/bin:/usr/sbin:/sbin:/usr/local/Cellar/maven/3.5.4/bin:/Users/renxing/Library/Android/sdk/platform-tools:/Library/Java/JavaVirtualMachines/jdk1.8.0_181.jdk/Contents/Home/bin
SHELL=/bin/bash

Signal Handlers:
SIGSEGV: [libjvm.dylib+0x5b6029], sa_mask[0]=11111111011111110111111111111111, sa_flags=SA_ONSTACK|SA_RESTART|SA_SIGINFO
SIGBUS: [libjvm.dylib+0x5b6029], sa_mask[0]=11111111011111110111111111111111, sa_flags=SA_RESTART|SA_SIGINFO
SIGFPE: [libjvm.dylib+0x48b934], sa_mask[0]=11111111011111110111111111111111, sa_flags=SA_RESTART|SA_SIGINFO
SIGPIPE: [libjvm.dylib+0x48b934], sa_mask[0]=11111111011111110111111111111111, sa_flags=SA_RESTART|SA_SIGINFO
SIGXFSZ: [libjvm.dylib+0x48b934], sa_mask[0]=11111111011111110111111111111111, sa_flags=SA_RESTART|SA_SIGINFO
SIGILL: [libjvm.dylib+0x48b934], sa_mask[0]=11111111011111110111111111111111, sa_flags=SA_RESTART|SA_SIGINFO
SIGUSR1: SIG_DFL, sa_mask[0]=00000000000000000000000000000000, sa_flags=none
SIGUSR2: [libjvm.dylib+0x48b452], sa_mask[0]=00100000000000000000000000000000, sa_flags=SA_RESTART|SA_SIGINFO
SIGHUP: [libjvm.dylib+0x489a1d], sa_mask[0]=11111111011111110111111111111111, sa_flags=SA_RESTART|SA_SIGINFO
SIGINT: [libjvm.dylib+0x489a1d], sa_mask[0]=11111111011111110111111111111111, sa_flags=SA_RESTART|SA_SIGINFO
SIGTERM: [libjvm.dylib+0x489a1d], sa_mask[0]=11111111011111110111111111111111, sa_flags=SA_RESTART|SA_SIGINFO
SIGQUIT: [libjvm.dylib+0x489a1d], sa_mask[0]=11111111011111110111111111111111, sa_flags=SA_RESTART|SA_SIGINFO


---------------  S Y S T E M  ---------------

OS:Bsduname:Darwin 21.4.0 Darwin Kernel Version 21.4.0: Fri Mar 18 00:45:05 PDT 2022; root:xnu-8020.101.4~15/RELEASE_X86_64 x86_64
rlimit: STACK 8192k, CORE 0k, NPROC 1392, NOFILE 10240, AS infinity
load average:5.05 6.07 5.84

CPU:total 4 (initial active 4) (2 cores per cpu, 2 threads per core) family 6 model 61 stepping 4, cmov, cx8, fxsr, mmx, sse, sse2, sse3, ssse3, sse4.1, sse4.2, popcnt, avx, avx2, aes, clmul, erms, 3dnowpref, lzcnt, ht, tsc, tscinvbit, bmi1, bmi2, adx

Memory: 4k page, physical 8388608k(280428k free)

/proc/meminfo:


vm_info: Java HotSpot(TM) 64-Bit Server VM (25.181-b13) for bsd-amd64 JRE (1.8.0_181-b13), built on Jul  7 2018 01:02:31 by "java_re" with gcc 4.2.1 (Based on Apple Inc. build 5658) (LLVM build 2336.11.00)

time: Thu May 26 23:11:23 2022
elapsed time: 206 seconds (0d 0h 3m 26s)

